<?xml version="1.0" encoding="UTF-8"?>
<!-- Generated by org.testng.reporters.JUnitReportReporter -->
<testsuite skipped="0" hostname="LAPTOP-J7TSK624" name="com.amazon.testcases.Signup" tests="2" failures="0" timestamp="18 Sep 2019 00:06:45 GMT" time="21.319" errors="0">
  <testcase name="Register2" time="11.022" classname="com.amazon.testcases.Signup"/>
  <testcase name="Register1" time="10.297" classname="com.amazon.testcases.Signup"/>
</testsuite> <!-- com.amazon.testcases.Signup -->
