<?xml version="1.0" encoding="UTF-8"?>
<!-- Generated by org.testng.reporters.JUnitReportReporter -->
<testsuite skipped="0" hostname="LAPTOP-J7TSK624" name="com.amazon.testcases.LoginTest" tests="1" failures="0" timestamp="19 Sep 2019 02:17:04 GMT" time="17.833" errors="0">
  <testcase name="LoginToApplication" time="17.833" classname="com.amazon.testcases.LoginTest"/>
</testsuite> <!-- com.amazon.testcases.LoginTest -->
