<?xml version="1.0" encoding="UTF-8"?>
<!-- Generated by org.testng.reporters.JUnitReportReporter -->
<testsuite skipped="0" hostname="LAPTOP-J7TSK624" name="com.amazon.testcases.SignupTest" tests="2" failures="0" timestamp="19 Sep 2019 02:17:04 GMT" time="38.767" errors="0">
  <testcase name="Register" time="20.455" classname="com.amazon.testcases.SignupTest"/>
  <testcase name="Register" time="18.312" classname="com.amazon.testcases.SignupTest"/>
</testsuite> <!-- com.amazon.testcases.SignupTest -->
