<?xml version="1.0" encoding="UTF-8"?>
<!-- Generated by org.testng.reporters.JUnitReportReporter -->
<testsuite skipped="0" hostname="LAPTOP-J7TSK624" name="MyProject.git.testpackage" tests="1" failures="0" timestamp="16 Sep 2019 11:24:41 GMT" time="7.803" errors="0">
  <testcase name="logintest" time="7.803" classname="MyProject.git.testpackage"/>
</testsuite> <!-- MyProject.git.testpackage -->
