<?xml version="1.0" encoding="UTF-8"?>
<!-- Generated by org.testng.reporters.JUnitReportReporter -->
<testsuite skipped="0" hostname="LAPTOP-J7TSK624" name="com.amazon.testcases.testpackage" tests="1" failures="0" timestamp="17 Sep 2019 23:32:05 GMT" time="8.004" errors="0">
  <testcase name="logintest" time="8.004" classname="com.amazon.testcases.testpackage"/>
</testsuite> <!-- com.amazon.testcases.testpackage -->
